{
  "start": "2023-03-23T04:31:19.923Z",
  "end": "2023-03-23T04:31:31.443Z",
  "capabilities": {
    "acceptInsecureCerts": true,
    "browserName": "chrome",
    "browserVersion": "111.0.5563.110",
    "chrome": {
      "chromedriverVersion": "110.0.5481.77 (65ed616c6e8ee3fe0ad64fe83796c020644d42af-refs/branch-heads/5481@{#839})",
      "userDataDir": "/var/folders/cc/5yx7pb2x3hd7_3gdjhv0w8c00000gp/T/.com.google.Chrome.IZLkzV"
    },
    "goog:chromeOptions": {
      "debuggerAddress": "localhost:49763"
    },
    "networkConnectionEnabled": false,
    "pageLoadStrategy": "normal",
    "platformName": "mac os x",
    "proxy": {},
    "setWindowRect": true,
    "strictFileInteractability": false,
    "timeouts": {
      "implicit": 0,
      "pageLoad": 300000,
      "script": 30000
    },
    "unhandledPromptBehavior": "dismiss and notify",
    "webauthn:extension:credBlob": true,
    "webauthn:extension:largeBlob": true,
    "webauthn:virtualAuthenticators": true,
    "sessionId": "18614f6317c8fdf334708a6f9c4df86b"
  },
  "host": "localhost",
  "port": 9515,
  "baseUrl": "http://localhost",
  "framework": "mocha",
  "duration": 11520,
  "suites": [
    {
      "title": "Beautyhaul Indonesia",
      "duration": 11107,
      "start": "2023-03-23T04:31:19.932Z",
      "end": "2023-03-23T04:31:31.039Z",
      "tests": [
        {
          "title": "Sign In",
          "start": "2023-03-23T04:31:19.932Z",
          "end": "2023-03-23T04:31:31.034Z",
          "duration": 11102,
          "state": "passed",
          "screenshots": [
            "/Users/beautyhaul/Documents/beautyhaulindo/result/file-1679545891430.jpeg"
          ]
        }
      ],
      "hooks": []
    }
  ],
  "specs": [
    "file:///Users/beautyhaul/Documents/beautyhaulindo/test/specs/001_login.js"
  ],
  "state": {
    "passed": 1,
    "failed": 0,
    "skipped": 0
  }
}